[train: 1, 50 / 1875] FPS: 20.5 (230.3)  ,  Loss/total: 98.56748  ,  Loss/giou: 1.05461  ,  Loss/l1: 0.20273  ,  Loss/location: 95.44458  ,  IoU: 0.14927
[train: 1, 50 / 7500] FPS: 20.7 (118.6)  ,  Loss/total: 110.01213  ,  Loss/giou: 1.19508  ,  Loss/l1: 0.24223  ,  Loss/location: 106.41079  ,  IoU: 0.09635
[train: 1, 100 / 7500] FPS: 24.1 (16.6)  ,  Loss/total: 85.67071  ,  Loss/giou: 1.13872  ,  Loss/l1: 0.23007  ,  Loss/location: 82.24290  ,  IoU: 0.11317
[train: 1, 150 / 7500] FPS: 24.0 (84.2)  ,  Loss/total: 69.90159  ,  Loss/giou: 1.12814  ,  Loss/l1: 0.23143  ,  Loss/location: 66.48819  ,  IoU: 0.12052
[train: 1, 200 / 7500] FPS: 24.1 (4.0)  ,  Loss/total: 59.63590  ,  Loss/giou: 1.11076  ,  Loss/l1: 0.22560  ,  Loss/location: 56.28639  ,  IoU: 0.12845
[train: 1, 50 / 7500] FPS: 67.4 (96.3)  ,  Loss/total: 25.35943  ,  Loss/giou: 1.17582  ,  Loss/l1: 0.27869  ,  Loss/location: 21.61438  ,  IoU: 0.08720
[train: 1, 100 / 7500] FPS: 78.5 (84.9)  ,  Loss/total: 20.04671  ,  Loss/giou: 1.14604  ,  Loss/l1: 0.26796  ,  Loss/location: 16.41482  ,  IoU: 0.09607
[train: 1, 150 / 7500] FPS: 83.1 (90.4)  ,  Loss/total: 16.48302  ,  Loss/giou: 1.10982  ,  Loss/l1: 0.25182  ,  Loss/location: 13.00428  ,  IoU: 0.11464
[train: 1, 200 / 7500] FPS: 85.1 (93.0)  ,  Loss/total: 14.08484  ,  Loss/giou: 1.07887  ,  Loss/l1: 0.23977  ,  Loss/location: 10.72825  ,  IoU: 0.13290
[train: 1, 250 / 7500] FPS: 86.0 (92.7)  ,  Loss/total: 12.38939  ,  Loss/giou: 1.04877  ,  Loss/l1: 0.22631  ,  Loss/location: 9.16030  ,  IoU: 0.15313
[train: 1, 300 / 7500] FPS: 87.2 (88.9)  ,  Loss/total: 11.14449  ,  Loss/giou: 1.02371  ,  Loss/l1: 0.21328  ,  Loss/location: 8.03067  ,  IoU: 0.17050
[train: 1, 350 / 7500] FPS: 87.5 (80.0)  ,  Loss/total: 10.20567  ,  Loss/giou: 1.00207  ,  Loss/l1: 0.20379  ,  Loss/location: 7.18260  ,  IoU: 0.18635
[train: 1, 400 / 7500] FPS: 87.7 (87.7)  ,  Loss/total: 9.45409  ,  Loss/giou: 0.98321  ,  Loss/l1: 0.19513  ,  Loss/location: 6.51202  ,  IoU: 0.20045
[train: 1, 450 / 7500] FPS: 88.1 (80.0)  ,  Loss/total: 8.84875  ,  Loss/giou: 0.96673  ,  Loss/l1: 0.18775  ,  Loss/location: 5.97655  ,  IoU: 0.21360
[train: 1, 500 / 7500] FPS: 88.5 (97.1)  ,  Loss/total: 8.34062  ,  Loss/giou: 0.95115  ,  Loss/l1: 0.18142  ,  Loss/location: 5.53120  ,  IoU: 0.22552
[train: 1, 550 / 7500] FPS: 89.3 (113.6)  ,  Loss/total: 7.90843  ,  Loss/giou: 0.93483  ,  Loss/l1: 0.17558  ,  Loss/location: 5.16086  ,  IoU: 0.23803
[train: 1, 600 / 7500] FPS: 89.9 (94.7)  ,  Loss/total: 7.54715  ,  Loss/giou: 0.92240  ,  Loss/l1: 0.17096  ,  Loss/location: 4.84755  ,  IoU: 0.24738
[train: 1, 650 / 7500] FPS: 90.3 (95.4)  ,  Loss/total: 7.22960  ,  Loss/giou: 0.90982  ,  Loss/l1: 0.16650  ,  Loss/location: 4.57746  ,  IoU: 0.25727
[train: 1, 700 / 7500] FPS: 90.5 (97.2)  ,  Loss/total: 6.95673  ,  Loss/giou: 0.90002  ,  Loss/l1: 0.16309  ,  Loss/location: 4.34127  ,  IoU: 0.26519
[train: 1, 750 / 7500] FPS: 91.0 (77.9)  ,  Loss/total: 6.71140  ,  Loss/giou: 0.88977  ,  Loss/l1: 0.15952  ,  Loss/location: 4.13428  ,  IoU: 0.27340
[train: 1, 800 / 7500] FPS: 91.6 (102.9)  ,  Loss/total: 6.48976  ,  Loss/giou: 0.87952  ,  Loss/l1: 0.15640  ,  Loss/location: 3.94873  ,  IoU: 0.28172
[train: 1, 850 / 7500] FPS: 91.7 (108.8)  ,  Loss/total: 6.29099  ,  Loss/giou: 0.87026  ,  Loss/l1: 0.15327  ,  Loss/location: 3.78409  ,  IoU: 0.28888
[train: 1, 900 / 7500] FPS: 92.1 (105.9)  ,  Loss/total: 6.10963  ,  Loss/giou: 0.86108  ,  Loss/l1: 0.15025  ,  Loss/location: 3.63623  ,  IoU: 0.29583
[train: 1, 950 / 7500] FPS: 92.4 (88.7)  ,  Loss/total: 5.94005  ,  Loss/giou: 0.85061  ,  Loss/l1: 0.14691  ,  Loss/location: 3.50426  ,  IoU: 0.30321
[train: 1, 1000 / 7500] FPS: 92.6 (95.0)  ,  Loss/total: 5.78872  ,  Loss/giou: 0.84203  ,  Loss/l1: 0.14458  ,  Loss/location: 3.38177  ,  IoU: 0.31030
[train: 1, 1050 / 7500] FPS: 92.7 (95.7)  ,  Loss/total: 5.65740  ,  Loss/giou: 0.83606  ,  Loss/l1: 0.14279  ,  Loss/location: 3.27134  ,  IoU: 0.31528
[train: 1, 1100 / 7500] FPS: 92.8 (97.7)  ,  Loss/total: 5.53447  ,  Loss/giou: 0.83014  ,  Loss/l1: 0.14092  ,  Loss/location: 3.16959  ,  IoU: 0.32008
[train: 1, 1150 / 7500] FPS: 92.8 (104.7)  ,  Loss/total: 5.41601  ,  Loss/giou: 0.82268  ,  Loss/l1: 0.13880  ,  Loss/location: 3.07664  ,  IoU: 0.32576
[train: 1, 1200 / 7500] FPS: 92.8 (112.4)  ,  Loss/total: 5.30844  ,  Loss/giou: 0.81641  ,  Loss/l1: 0.13706  ,  Loss/location: 2.99034  ,  IoU: 0.33083
[train: 1, 1250 / 7500] FPS: 92.9 (91.0)  ,  Loss/total: 5.20606  ,  Loss/giou: 0.81013  ,  Loss/l1: 0.13522  ,  Loss/location: 2.90968  ,  IoU: 0.33571
[train: 1, 1300 / 7500] FPS: 93.2 (98.8)  ,  Loss/total: 5.11187  ,  Loss/giou: 0.80382  ,  Loss/l1: 0.13344  ,  Loss/location: 2.83702  ,  IoU: 0.34055
[train: 1, 1350 / 7500] FPS: 93.3 (90.7)  ,  Loss/total: 5.03175  ,  Loss/giou: 0.80002  ,  Loss/l1: 0.13236  ,  Loss/location: 2.76992  ,  IoU: 0.34373
[train: 1, 1400 / 7500] FPS: 93.4 (87.1)  ,  Loss/total: 4.95479  ,  Loss/giou: 0.79584  ,  Loss/l1: 0.13128  ,  Loss/location: 2.70671  ,  IoU: 0.34759
[train: 1, 1450 / 7500] FPS: 93.6 (110.3)  ,  Loss/total: 4.87858  ,  Loss/giou: 0.79092  ,  Loss/l1: 0.12998  ,  Loss/location: 2.64684  ,  IoU: 0.35155
[train: 1, 1500 / 7500] FPS: 93.7 (83.9)  ,  Loss/total: 4.80620  ,  Loss/giou: 0.78604  ,  Loss/l1: 0.12869  ,  Loss/location: 2.59065  ,  IoU: 0.35537
[train: 1, 1550 / 7500] FPS: 93.7 (97.6)  ,  Loss/total: 4.74449  ,  Loss/giou: 0.78286  ,  Loss/l1: 0.12780  ,  Loss/location: 2.53978  ,  IoU: 0.35813
[train: 1, 1600 / 7500] FPS: 93.9 (106.5)  ,  Loss/total: 4.68070  ,  Loss/giou: 0.77848  ,  Loss/l1: 0.12669  ,  Loss/location: 2.49031  ,  IoU: 0.36176
[train: 1, 1650 / 7500] FPS: 93.9 (95.8)  ,  Loss/total: 4.61912  ,  Loss/giou: 0.77388  ,  Loss/l1: 0.12544  ,  Loss/location: 2.44415  ,  IoU: 0.36532
[train: 1, 1700 / 7500] FPS: 94.0 (101.8)  ,  Loss/total: 4.56332  ,  Loss/giou: 0.77042  ,  Loss/l1: 0.12450  ,  Loss/location: 2.39997  ,  IoU: 0.36816
[train: 1, 1750 / 7500] FPS: 94.0 (96.3)  ,  Loss/total: 4.50924  ,  Loss/giou: 0.76662  ,  Loss/l1: 0.12355  ,  Loss/location: 2.35826  ,  IoU: 0.37138
[train: 1, 1800 / 7500] FPS: 94.0 (90.7)  ,  Loss/total: 4.45497  ,  Loss/giou: 0.76213  ,  Loss/l1: 0.12242  ,  Loss/location: 2.31859  ,  IoU: 0.37497
[train: 1, 1850 / 7500] FPS: 94.1 (97.2)  ,  Loss/total: 4.40425  ,  Loss/giou: 0.75857  ,  Loss/l1: 0.12156  ,  Loss/location: 2.27933  ,  IoU: 0.37805
[train: 1, 1900 / 7500] FPS: 94.2 (101.2)  ,  Loss/total: 4.35949  ,  Loss/giou: 0.75553  ,  Loss/l1: 0.12083  ,  Loss/location: 2.24430  ,  IoU: 0.38045
[train: 1, 1950 / 7500] FPS: 94.3 (108.4)  ,  Loss/total: 4.31748  ,  Loss/giou: 0.75295  ,  Loss/l1: 0.12013  ,  Loss/location: 2.21094  ,  IoU: 0.38262
[train: 1, 2000 / 7500] FPS: 94.4 (102.6)  ,  Loss/total: 4.27761  ,  Loss/giou: 0.75075  ,  Loss/l1: 0.11949  ,  Loss/location: 2.17865  ,  IoU: 0.38455
[train: 1, 2050 / 7500] FPS: 94.4 (97.8)  ,  Loss/total: 4.23539  ,  Loss/giou: 0.74731  ,  Loss/l1: 0.11867  ,  Loss/location: 2.14740  ,  IoU: 0.38726
[train: 1, 2100 / 7500] FPS: 94.5 (110.5)  ,  Loss/total: 4.19609  ,  Loss/giou: 0.74438  ,  Loss/l1: 0.11797  ,  Loss/location: 2.11749  ,  IoU: 0.38971
[train: 1, 2150 / 7500] FPS: 94.6 (102.5)  ,  Loss/total: 4.15703  ,  Loss/giou: 0.74120  ,  Loss/l1: 0.11713  ,  Loss/location: 2.08900  ,  IoU: 0.39216
[train: 1, 2200 / 7500] FPS: 94.7 (99.3)  ,  Loss/total: 4.12096  ,  Loss/giou: 0.73840  ,  Loss/l1: 0.11639  ,  Loss/location: 2.06220  ,  IoU: 0.39441
[train: 1, 2250 / 7500] FPS: 94.8 (116.9)  ,  Loss/total: 4.08325  ,  Loss/giou: 0.73534  ,  Loss/l1: 0.11556  ,  Loss/location: 2.03480  ,  IoU: 0.39673
[train: 1, 2300 / 7500] FPS: 94.8 (109.3)  ,  Loss/total: 4.04955  ,  Loss/giou: 0.73273  ,  Loss/l1: 0.11490  ,  Loss/location: 2.00957  ,  IoU: 0.39884
[train: 1, 2350 / 7500] FPS: 95.0 (73.6)  ,  Loss/total: 4.01575  ,  Loss/giou: 0.72994  ,  Loss/l1: 0.11422  ,  Loss/location: 1.98478  ,  IoU: 0.40097
[train: 1, 2400 / 7500] FPS: 95.0 (106.0)  ,  Loss/total: 3.98585  ,  Loss/giou: 0.72772  ,  Loss/l1: 0.11364  ,  Loss/location: 1.96224  ,  IoU: 0.40268
[train: 1, 2450 / 7500] FPS: 95.0 (79.0)  ,  Loss/total: 3.95492  ,  Loss/giou: 0.72514  ,  Loss/l1: 0.11307  ,  Loss/location: 1.93932  ,  IoU: 0.40488
[train: 1, 50 / 15000] FPS: 5.1 (10.9)  ,  Loss/total: 97.02360  ,  Loss/giou: 1.07336  ,  Loss/l1: 0.24748  ,  Loss/location: 93.63948  ,  IoU: 0.10919
[train: 1, 100 / 15000] FPS: 5.5 (6.1)  ,  Loss/total: 68.02648  ,  Loss/giou: 1.05735  ,  Loss/l1: 0.23949  ,  Loss/location: 64.71436  ,  IoU: 0.11124
[train: 1, 150 / 15000] FPS: 5.4 (4.5)  ,  Loss/total: 52.58387  ,  Loss/giou: 1.04913  ,  Loss/l1: 0.24068  ,  Loss/location: 49.28220  ,  IoU: 0.11270
[train: 1, 50 / 7500] FPS: 7.1 (27.5)  ,  Loss/total: 20.02307  ,  Loss/giou: 1.37140  ,  Loss/l1: 0.30200  ,  Loss/location: 15.77028  ,  IoU: 0.04863
[train: 1, 50 / 7500] FPS: 2.7 (20.2)  ,  Loss/total: 43.70829  ,  Loss/giou: 1.06708  ,  Loss/l1: 0.21155  ,  Loss/location: 40.51638  ,  IoU: 0.13760
[train: 1, 100 / 7500] FPS: 4.0 (20.5)  ,  Loss/total: 29.43049  ,  Loss/giou: 1.00745  ,  Loss/l1: 0.19248  ,  Loss/location: 26.45322  ,  IoU: 0.16706
[train: 1, 150 / 7500] FPS: 4.9 (21.0)  ,  Loss/total: 22.48664  ,  Loss/giou: 0.98018  ,  Loss/l1: 0.18429  ,  Loss/location: 19.60482  ,  IoU: 0.18405
[train: 1, 200 / 7500] FPS: 5.3 (3.5)  ,  Loss/total: 18.49821  ,  Loss/giou: 0.95578  ,  Loss/l1: 0.17614  ,  Loss/location: 15.70596  ,  IoU: 0.19816
[train: 1, 250 / 7500] FPS: 5.6 (20.0)  ,  Loss/total: 15.92266  ,  Loss/giou: 0.93245  ,  Loss/l1: 0.16884  ,  Loss/location: 13.21354  ,  IoU: 0.21365
[train: 1, 300 / 7500] FPS: 5.8 (17.6)  ,  Loss/total: 14.07364  ,  Loss/giou: 0.91078  ,  Loss/l1: 0.16139  ,  Loss/location: 11.44513  ,  IoU: 0.22914
[train: 1, 350 / 7500] FPS: 6.1 (16.6)  ,  Loss/total: 12.68999  ,  Loss/giou: 0.89285  ,  Loss/l1: 0.15521  ,  Loss/location: 10.12826  ,  IoU: 0.24187
[train: 1, 400 / 7500] FPS: 6.2 (20.3)  ,  Loss/total: 11.60131  ,  Loss/giou: 0.87540  ,  Loss/l1: 0.14940  ,  Loss/location: 9.10350  ,  IoU: 0.25431
[train: 1, 450 / 7500] FPS: 6.2 (14.7)  ,  Loss/total: 10.71679  ,  Loss/giou: 0.85731  ,  Loss/l1: 0.14365  ,  Loss/location: 8.28393  ,  IoU: 0.26751
[train: 1, 500 / 7500] FPS: 6.2 (17.6)  ,  Loss/total: 9.99957  ,  Loss/giou: 0.84318  ,  Loss/l1: 0.13901  ,  Loss/location: 7.61816  ,  IoU: 0.27885
[train: 1, 550 / 7500] FPS: 6.2 (17.7)  ,  Loss/total: 9.40013  ,  Loss/giou: 0.83061  ,  Loss/l1: 0.13501  ,  Loss/location: 7.06389  ,  IoU: 0.28850
[train: 1, 600 / 7500] FPS: 6.3 (20.0)  ,  Loss/total: 8.90169  ,  Loss/giou: 0.82208  ,  Loss/l1: 0.13216  ,  Loss/location: 6.59671  ,  IoU: 0.29510
[train: 1, 650 / 7500] FPS: 6.1 (21.6)  ,  Loss/total: 8.45721  ,  Loss/giou: 0.81052  ,  Loss/l1: 0.12870  ,  Loss/location: 6.19268  ,  IoU: 0.30402
[train: 1, 700 / 7500] FPS: 6.2 (18.2)  ,  Loss/total: 8.07996  ,  Loss/giou: 0.80186  ,  Loss/l1: 0.12604  ,  Loss/location: 5.84603  ,  IoU: 0.31065
[train: 1, 750 / 7500] FPS: 6.3 (20.5)  ,  Loss/total: 7.75129  ,  Loss/giou: 0.79493  ,  Loss/l1: 0.12381  ,  Loss/location: 5.54238  ,  IoU: 0.31655
[train: 1, 800 / 7500] FPS: 6.3 (20.0)  ,  Loss/total: 7.45619  ,  Loss/giou: 0.78705  ,  Loss/l1: 0.12164  ,  Loss/location: 5.27391  ,  IoU: 0.32273
[train: 1, 850 / 7500] FPS: 6.2 (17.2)  ,  Loss/total: 7.19376  ,  Loss/giou: 0.78012  ,  Loss/l1: 0.11973  ,  Loss/location: 5.03490  ,  IoU: 0.32825
[train: 1, 900 / 7500] FPS: 6.1 (19.3)  ,  Loss/total: 6.95375  ,  Loss/giou: 0.77281  ,  Loss/l1: 0.11774  ,  Loss/location: 4.81945  ,  IoU: 0.33417
[train: 1, 950 / 7500] FPS: 6.0 (20.3)  ,  Loss/total: 6.73630  ,  Loss/giou: 0.76562  ,  Loss/l1: 0.11592  ,  Loss/location: 4.62548  ,  IoU: 0.33997
[train: 1, 50 / 7500] FPS: 3.0 (2.6)  ,  Loss/total: 44.40693  ,  Loss/giou: 1.01684  ,  Loss/l1: 0.24188  ,  Loss/location: 41.16385  ,  IoU: 0.12418
[train: 1, 100 / 7500] FPS: 4.5 (11.2)  ,  Loss/total: 30.37090  ,  Loss/giou: 1.00653  ,  Loss/l1: 0.23117  ,  Loss/location: 27.20198  ,  IoU: 0.13518
[train: 1, 150 / 7500] FPS: 5.3 (9.7)  ,  Loss/total: 22.85847  ,  Loss/giou: 0.99333  ,  Loss/l1: 0.22212  ,  Loss/location: 19.76123  ,  IoU: 0.14425
[train: 1, 200 / 7500] FPS: 5.7 (11.2)  ,  Loss/total: 18.52081  ,  Loss/giou: 0.96600  ,  Loss/l1: 0.20499  ,  Loss/location: 15.56386  ,  IoU: 0.16671
[train: 1, 250 / 7500] FPS: 6.1 (10.7)  ,  Loss/total: 15.73693  ,  Loss/giou: 0.93594  ,  Loss/l1: 0.18900  ,  Loss/location: 12.92004  ,  IoU: 0.19175
[train: 1, 300 / 7500] FPS: 6.0 (0.7)  ,  Loss/total: 13.80679  ,  Loss/giou: 0.90985  ,  Loss/l1: 0.17660  ,  Loss/location: 11.10411  ,  IoU: 0.21447
[train: 1, 350 / 7500] FPS: 6.1 (1.0)  ,  Loss/total: 12.38764  ,  Loss/giou: 0.88828  ,  Loss/l1: 0.16681  ,  Loss/location: 9.77702  ,  IoU: 0.23223
[train: 1, 400 / 7500] FPS: 6.3 (12.4)  ,  Loss/total: 11.28565  ,  Loss/giou: 0.86858  ,  Loss/l1: 0.15871  ,  Loss/location: 8.75492  ,  IoU: 0.24890
[train: 1, 450 / 7500] FPS: 6.3 (10.1)  ,  Loss/total: 10.41513  ,  Loss/giou: 0.85270  ,  Loss/l1: 0.15222  ,  Loss/location: 7.94864  ,  IoU: 0.26254
[train: 1, 500 / 7500] FPS: 6.1 (11.2)  ,  Loss/total: 9.71518  ,  Loss/giou: 0.84058  ,  Loss/l1: 0.14711  ,  Loss/location: 7.29846  ,  IoU: 0.27273
[train: 1, 50 / 7500] FPS: 6.4 (11.9)  ,  Loss/total: 7.08734  ,  Loss/giou: 1.01553  ,  Loss/l1: 0.21897  ,  Loss/location: 3.96143  ,  IoU: 0.14763
[train: 1, 100 / 7500] FPS: 6.6 (14.1)  ,  Loss/total: 5.76775  ,  Loss/giou: 0.94347  ,  Loss/l1: 0.17990  ,  Loss/location: 2.98129  ,  IoU: 0.20228
