[train: 1, 50 / 1875] FPS: 13.0 (12.2)  ,  Loss/total: 81.38298  ,  Loss/giou: 1.14613  ,  Loss/l1: 0.24119  ,  Loss/location: 77.88476  ,  IoU: 0.10349
[train: 1, 100 / 1875] FPS: 12.1 (12.7)  ,  Loss/total: 67.16123  ,  Loss/giou: 1.11010  ,  Loss/l1: 0.23053  ,  Loss/location: 63.78839  ,  IoU: 0.11478
[train: 1, 50 / 1875] FPS: 16.8 (130.5)  ,  Loss/total: 25.74409  ,  Loss/giou: 1.14638  ,  Loss/l1: 0.25945  ,  Loss/location: 22.15407  ,  IoU: 0.09451
[train: 1, 50 / 3125] FPS: 13.3 (3.4)  ,  Loss/total: 109.78467  ,  Loss/giou: 1.13300  ,  Loss/l1: 0.25253  ,  Loss/location: 106.25599  ,  IoU: 0.09681
[train: 1, 100 / 3125] FPS: 15.0 (5.1)  ,  Loss/total: 89.69548  ,  Loss/giou: 1.11231  ,  Loss/l1: 0.24411  ,  Loss/location: 86.25032  ,  IoU: 0.10304
[train: 1, 150 / 3125] FPS: 15.0 (136.5)  ,  Loss/total: 73.39862  ,  Loss/giou: 1.10658  ,  Loss/l1: 0.24410  ,  Loss/location: 69.96498  ,  IoU: 0.10617
[train: 1, 200 / 3125] FPS: 14.8 (141.7)  ,  Loss/total: 63.41557  ,  Loss/giou: 1.09741  ,  Loss/l1: 0.24251  ,  Loss/location: 60.00818  ,  IoU: 0.10998
[train: 1, 250 / 3125] FPS: 14.5 (134.2)  ,  Loss/total: 58.52766  ,  Loss/giou: 1.10230  ,  Loss/l1: 0.24508  ,  Loss/location: 55.09769  ,  IoU: 0.10874
[train: 1, 300 / 3125] FPS: 14.8 (123.9)  ,  Loss/total: 53.40085  ,  Loss/giou: 1.09544  ,  Loss/l1: 0.24294  ,  Loss/location: 49.99528  ,  IoU: 0.11214
[train: 1, 350 / 3125] FPS: 14.8 (140.0)  ,  Loss/total: 49.76886  ,  Loss/giou: 1.08876  ,  Loss/l1: 0.24042  ,  Loss/location: 46.38921  ,  IoU: 0.11466
[train: 1, 400 / 3125] FPS: 15.3 (140.9)  ,  Loss/total: 46.79908  ,  Loss/giou: 1.08652  ,  Loss/l1: 0.24011  ,  Loss/location: 43.42548  ,  IoU: 0.11543
[train: 1, 450 / 3125] FPS: 15.8 (138.1)  ,  Loss/total: 43.87856  ,  Loss/giou: 1.07920  ,  Loss/l1: 0.23811  ,  Loss/location: 40.52961  ,  IoU: 0.11766
[train: 1, 500 / 3125] FPS: 15.6 (132.6)  ,  Loss/total: 41.39907  ,  Loss/giou: 1.07239  ,  Loss/l1: 0.23596  ,  Loss/location: 38.07449  ,  IoU: 0.12001
[train: 1, 550 / 3125] FPS: 15.8 (145.3)  ,  Loss/total: 39.07667  ,  Loss/giou: 1.06621  ,  Loss/l1: 0.23362  ,  Loss/location: 35.77616  ,  IoU: 0.12264
[train: 1, 600 / 3125] FPS: 16.1 (135.9)  ,  Loss/total: 37.05976  ,  Loss/giou: 1.06386  ,  Loss/l1: 0.23298  ,  Loss/location: 33.76712  ,  IoU: 0.12410
[train: 1, 650 / 3125] FPS: 16.2 (141.8)  ,  Loss/total: 35.14240  ,  Loss/giou: 1.05961  ,  Loss/l1: 0.23148  ,  Loss/location: 31.86580  ,  IoU: 0.12618
[train: 1, 700 / 3125] FPS: 16.3 (137.0)  ,  Loss/total: 33.43852  ,  Loss/giou: 1.05317  ,  Loss/l1: 0.22852  ,  Loss/location: 30.18957  ,  IoU: 0.12934
[train: 1, 750 / 3125] FPS: 16.6 (7.1)  ,  Loss/total: 31.86478  ,  Loss/giou: 1.04701  ,  Loss/l1: 0.22575  ,  Loss/location: 28.64201  ,  IoU: 0.13270
[train: 1, 800 / 3125] FPS: 16.7 (124.5)  ,  Loss/total: 30.44579  ,  Loss/giou: 1.04034  ,  Loss/l1: 0.22270  ,  Loss/location: 27.25160  ,  IoU: 0.13688
[train: 1, 850 / 3125] FPS: 16.7 (6.7)  ,  Loss/total: 29.08990  ,  Loss/giou: 1.03198  ,  Loss/l1: 0.21890  ,  Loss/location: 25.93143  ,  IoU: 0.14236
[train: 1, 900 / 3125] FPS: 16.7 (1.4)  ,  Loss/total: 27.83298  ,  Loss/giou: 1.02290  ,  Loss/l1: 0.21514  ,  Loss/location: 24.71150  ,  IoU: 0.14839
[train: 1, 950 / 3125] FPS: 16.8 (7.0)  ,  Loss/total: 26.70228  ,  Loss/giou: 1.01478  ,  Loss/l1: 0.21146  ,  Loss/location: 23.61541  ,  IoU: 0.15440
[train: 1, 1000 / 3125] FPS: 16.8 (1.9)  ,  Loss/total: 25.63124  ,  Loss/giou: 1.00546  ,  Loss/l1: 0.20734  ,  Loss/location: 22.58361  ,  IoU: 0.16138
[train: 1, 1050 / 3125] FPS: 17.0 (4.2)  ,  Loss/total: 24.63372  ,  Loss/giou: 0.99580  ,  Loss/l1: 0.20341  ,  Loss/location: 21.62510  ,  IoU: 0.16857
[train: 1, 1100 / 3125] FPS: 17.2 (26.4)  ,  Loss/total: 23.72335  ,  Loss/giou: 0.98644  ,  Loss/l1: 0.19960  ,  Loss/location: 20.75250  ,  IoU: 0.17564
[train: 1, 1150 / 3125] FPS: 17.4 (7.8)  ,  Loss/total: 22.87655  ,  Loss/giou: 0.97740  ,  Loss/l1: 0.19609  ,  Loss/location: 19.94131  ,  IoU: 0.18245
[train: 1, 1200 / 3125] FPS: 17.4 (6.4)  ,  Loss/total: 22.09838  ,  Loss/giou: 0.96816  ,  Loss/l1: 0.19255  ,  Loss/location: 19.19928  ,  IoU: 0.18917
[train: 1, 1250 / 3125] FPS: 17.4 (74.9)  ,  Loss/total: 21.37020  ,  Loss/giou: 0.95946  ,  Loss/l1: 0.18928  ,  Loss/location: 18.50488  ,  IoU: 0.19567
[train: 1, 1300 / 3125] FPS: 17.5 (134.6)  ,  Loss/total: 20.69245  ,  Loss/giou: 0.95138  ,  Loss/l1: 0.18627  ,  Loss/location: 17.85831  ,  IoU: 0.20191
[train: 1, 1350 / 3125] FPS: 17.5 (132.9)  ,  Loss/total: 20.05899  ,  Loss/giou: 0.94316  ,  Loss/l1: 0.18334  ,  Loss/location: 17.25596  ,  IoU: 0.20807
[train: 1, 1400 / 3125] FPS: 17.6 (145.8)  ,  Loss/total: 19.46857  ,  Loss/giou: 0.93558  ,  Loss/l1: 0.18064  ,  Loss/location: 16.69419  ,  IoU: 0.21408
[train: 1, 1450 / 3125] FPS: 17.7 (141.4)  ,  Loss/total: 18.91881  ,  Loss/giou: 0.92898  ,  Loss/l1: 0.17824  ,  Loss/location: 16.16964  ,  IoU: 0.21905
[train: 1, 1500 / 3125] FPS: 17.7 (125.6)  ,  Loss/total: 18.39767  ,  Loss/giou: 0.92142  ,  Loss/l1: 0.17560  ,  Loss/location: 15.67684  ,  IoU: 0.22493
[train: 1, 1550 / 3125] FPS: 17.6 (134.8)  ,  Loss/total: 17.91017  ,  Loss/giou: 0.91434  ,  Loss/l1: 0.17312  ,  Loss/location: 15.21592  ,  IoU: 0.23028
[train: 1, 1600 / 3125] FPS: 17.7 (146.5)  ,  Loss/total: 17.44832  ,  Loss/giou: 0.90710  ,  Loss/l1: 0.17067  ,  Loss/location: 14.78074  ,  IoU: 0.23591
[train: 1, 1650 / 3125] FPS: 17.9 (137.2)  ,  Loss/total: 17.01788  ,  Loss/giou: 0.90107  ,  Loss/l1: 0.16861  ,  Loss/location: 14.37267  ,  IoU: 0.24067
[train: 1, 1700 / 3125] FPS: 18.0 (133.9)  ,  Loss/total: 16.60808  ,  Loss/giou: 0.89455  ,  Loss/l1: 0.16645  ,  Loss/location: 13.98673  ,  IoU: 0.24564
[train: 1, 1750 / 3125] FPS: 17.9 (144.6)  ,  Loss/total: 16.22253  ,  Loss/giou: 0.88880  ,  Loss/l1: 0.16451  ,  Loss/location: 13.62240  ,  IoU: 0.25022
[train: 1, 1800 / 3125] FPS: 18.1 (140.8)  ,  Loss/total: 15.85732  ,  Loss/giou: 0.88312  ,  Loss/l1: 0.16260  ,  Loss/location: 13.27806  ,  IoU: 0.25468
[train: 1, 1850 / 3125] FPS: 18.2 (137.6)  ,  Loss/total: 15.50851  ,  Loss/giou: 0.87708  ,  Loss/l1: 0.16068  ,  Loss/location: 12.95096  ,  IoU: 0.25935
[train: 1, 1900 / 3125] FPS: 18.2 (142.1)  ,  Loss/total: 15.18096  ,  Loss/giou: 0.87202  ,  Loss/l1: 0.15899  ,  Loss/location: 12.64199  ,  IoU: 0.26327
[train: 1, 1950 / 3125] FPS: 18.2 (126.8)  ,  Loss/total: 14.86969  ,  Loss/giou: 0.86723  ,  Loss/l1: 0.15743  ,  Loss/location: 12.34809  ,  IoU: 0.26689
[train: 1, 2000 / 3125] FPS: 18.3 (141.0)  ,  Loss/total: 14.57320  ,  Loss/giou: 0.86244  ,  Loss/l1: 0.15593  ,  Loss/location: 12.06868  ,  IoU: 0.27055
[train: 1, 2050 / 3125] FPS: 18.5 (145.0)  ,  Loss/total: 14.28847  ,  Loss/giou: 0.85726  ,  Loss/l1: 0.15436  ,  Loss/location: 11.80217  ,  IoU: 0.27452
[train: 1, 2100 / 3125] FPS: 18.5 (119.3)  ,  Loss/total: 14.01711  ,  Loss/giou: 0.85237  ,  Loss/l1: 0.15285  ,  Loss/location: 11.54813  ,  IoU: 0.27824
[train: 1, 2150 / 3125] FPS: 18.4 (139.5)  ,  Loss/total: 13.75858  ,  Loss/giou: 0.84779  ,  Loss/l1: 0.15143  ,  Loss/location: 11.30585  ,  IoU: 0.28168
[train: 1, 2200 / 3125] FPS: 18.6 (126.5)  ,  Loss/total: 13.51179  ,  Loss/giou: 0.84351  ,  Loss/l1: 0.15007  ,  Loss/location: 11.07443  ,  IoU: 0.28506
[train: 1, 2250 / 3125] FPS: 18.6 (138.6)  ,  Loss/total: 13.27619  ,  Loss/giou: 0.83950  ,  Loss/l1: 0.14883  ,  Loss/location: 10.85305  ,  IoU: 0.28822
[train: 1, 2300 / 3125] FPS: 18.6 (143.0)  ,  Loss/total: 13.04971  ,  Loss/giou: 0.83545  ,  Loss/l1: 0.14760  ,  Loss/location: 10.64080  ,  IoU: 0.29141
[train: 1, 2350 / 3125] FPS: 18.5 (134.0)  ,  Loss/total: 12.83274  ,  Loss/giou: 0.83151  ,  Loss/l1: 0.14643  ,  Loss/location: 10.43757  ,  IoU: 0.29448
[train: 1, 2400 / 3125] FPS: 18.5 (143.2)  ,  Loss/total: 12.62628  ,  Loss/giou: 0.82809  ,  Loss/l1: 0.14534  ,  Loss/location: 10.24342  ,  IoU: 0.29717
[train: 1, 2450 / 3125] FPS: 18.5 (127.2)  ,  Loss/total: 12.42593  ,  Loss/giou: 0.82428  ,  Loss/l1: 0.14417  ,  Loss/location: 10.05652  ,  IoU: 0.30019
[train: 1, 2500 / 3125] FPS: 18.6 (136.8)  ,  Loss/total: 12.23287  ,  Loss/giou: 0.82044  ,  Loss/l1: 0.14304  ,  Loss/location: 9.87677  ,  IoU: 0.30322
[train: 1, 2550 / 3125] FPS: 18.7 (133.7)  ,  Loss/total: 12.04796  ,  Loss/giou: 0.81698  ,  Loss/l1: 0.14196  ,  Loss/location: 9.70421  ,  IoU: 0.30595
[train: 1, 2600 / 3125] FPS: 18.7 (131.0)  ,  Loss/total: 11.86998  ,  Loss/giou: 0.81357  ,  Loss/l1: 0.14089  ,  Loss/location: 9.53836  ,  IoU: 0.30854
[train: 1, 2650 / 3125] FPS: 18.8 (121.3)  ,  Loss/total: 11.69832  ,  Loss/giou: 0.81025  ,  Loss/l1: 0.13986  ,  Loss/location: 9.37851  ,  IoU: 0.31113
[train: 1, 2700 / 3125] FPS: 18.7 (145.6)  ,  Loss/total: 11.53344  ,  Loss/giou: 0.80715  ,  Loss/l1: 0.13890  ,  Loss/location: 9.22463  ,  IoU: 0.31354
[train: 1, 2750 / 3125] FPS: 18.8 (135.9)  ,  Loss/total: 11.37460  ,  Loss/giou: 0.80413  ,  Loss/l1: 0.13802  ,  Loss/location: 9.07623  ,  IoU: 0.31592
[train: 1, 2800 / 3125] FPS: 18.8 (134.8)  ,  Loss/total: 11.22107  ,  Loss/giou: 0.80117  ,  Loss/l1: 0.13716  ,  Loss/location: 8.93296  ,  IoU: 0.31822
[train: 1, 2850 / 3125] FPS: 18.9 (136.2)  ,  Loss/total: 11.07115  ,  Loss/giou: 0.79785  ,  Loss/l1: 0.13618  ,  Loss/location: 8.79453  ,  IoU: 0.32086
[train: 1, 2900 / 3125] FPS: 18.9 (143.7)  ,  Loss/total: 10.92724  ,  Loss/giou: 0.79499  ,  Loss/l1: 0.13532  ,  Loss/location: 8.66068  ,  IoU: 0.32320
[train: 1, 2950 / 3125] FPS: 18.9 (138.5)  ,  Loss/total: 10.78773  ,  Loss/giou: 0.79201  ,  Loss/l1: 0.13447  ,  Loss/location: 8.53135  ,  IoU: 0.32560
[train: 1, 3000 / 3125] FPS: 19.0 (132.0)  ,  Loss/total: 10.65405  ,  Loss/giou: 0.78942  ,  Loss/l1: 0.13377  ,  Loss/location: 8.40638  ,  IoU: 0.32767
[train: 1, 3050 / 3125] FPS: 19.0 (141.5)  ,  Loss/total: 10.52328  ,  Loss/giou: 0.78662  ,  Loss/l1: 0.13296  ,  Loss/location: 8.28525  ,  IoU: 0.32983
[train: 1, 3100 / 3125] FPS: 19.0 (130.5)  ,  Loss/total: 10.39765  ,  Loss/giou: 0.78421  ,  Loss/l1: 0.13221  ,  Loss/location: 8.16821  ,  IoU: 0.33177
[train: 1, 3125 / 3125] FPS: 19.0 (135.7)  ,  Loss/total: 10.33607  ,  Loss/giou: 0.78296  ,  Loss/l1: 0.13185  ,  Loss/location: 8.11091  ,  IoU: 0.33271
[train: 2, 50 / 3125] FPS: 18.1 (132.0)  ,  Loss/total: 2.66098  ,  Loss/giou: 0.61400  ,  Loss/l1: 0.08382  ,  Loss/location: 1.01389  ,  IoU: 0.46686
[train: 2, 100 / 3125] FPS: 18.8 (134.3)  ,  Loss/total: 2.67390  ,  Loss/giou: 0.61784  ,  Loss/l1: 0.08536  ,  Loss/location: 1.01145  ,  IoU: 0.46352
[train: 2, 150 / 3125] FPS: 21.4 (112.9)  ,  Loss/total: 2.65647  ,  Loss/giou: 0.61434  ,  Loss/l1: 0.08455  ,  Loss/location: 1.00505  ,  IoU: 0.46514
[train: 2, 200 / 3125] FPS: 21.1 (133.1)  ,  Loss/total: 2.65647  ,  Loss/giou: 0.61478  ,  Loss/l1: 0.08458  ,  Loss/location: 1.00400  ,  IoU: 0.46533
[train: 2, 250 / 3125] FPS: 21.7 (142.8)  ,  Loss/total: 2.64646  ,  Loss/giou: 0.61247  ,  Loss/l1: 0.08388  ,  Loss/location: 1.00210  ,  IoU: 0.46591
[train: 2, 300 / 3125] FPS: 21.5 (135.9)  ,  Loss/total: 2.64378  ,  Loss/giou: 0.61227  ,  Loss/l1: 0.08378  ,  Loss/location: 1.00035  ,  IoU: 0.46595
[train: 2, 350 / 3125] FPS: 21.1 (24.5)  ,  Loss/total: 2.65383  ,  Loss/giou: 0.61423  ,  Loss/l1: 0.08415  ,  Loss/location: 1.00461  ,  IoU: 0.46512
[train: 2, 400 / 3125] FPS: 20.9 (135.4)  ,  Loss/total: 2.64769  ,  Loss/giou: 0.61259  ,  Loss/l1: 0.08397  ,  Loss/location: 1.00263  ,  IoU: 0.46603
[train: 2, 450 / 3125] FPS: 20.7 (138.4)  ,  Loss/total: 2.64101  ,  Loss/giou: 0.61185  ,  Loss/l1: 0.08356  ,  Loss/location: 0.99953  ,  IoU: 0.46687
[train: 2, 500 / 3125] FPS: 20.8 (131.3)  ,  Loss/total: 2.63631  ,  Loss/giou: 0.61183  ,  Loss/l1: 0.08335  ,  Loss/location: 0.99591  ,  IoU: 0.46664
[train: 2, 550 / 3125] FPS: 20.4 (146.8)  ,  Loss/total: 2.63167  ,  Loss/giou: 0.61075  ,  Loss/l1: 0.08314  ,  Loss/location: 0.99449  ,  IoU: 0.46732
[train: 2, 600 / 3125] FPS: 20.8 (135.8)  ,  Loss/total: 2.62934  ,  Loss/giou: 0.61023  ,  Loss/l1: 0.08313  ,  Loss/location: 0.99324  ,  IoU: 0.46821
[train: 2, 650 / 3125] FPS: 20.7 (133.3)  ,  Loss/total: 2.61985  ,  Loss/giou: 0.60824  ,  Loss/l1: 0.08276  ,  Loss/location: 0.98955  ,  IoU: 0.46998
[train: 2, 700 / 3125] FPS: 20.8 (136.4)  ,  Loss/total: 2.61638  ,  Loss/giou: 0.60771  ,  Loss/l1: 0.08271  ,  Loss/location: 0.98742  ,  IoU: 0.47057
[train: 2, 750 / 3125] FPS: 20.7 (138.7)  ,  Loss/total: 2.61412  ,  Loss/giou: 0.60702  ,  Loss/l1: 0.08258  ,  Loss/location: 0.98719  ,  IoU: 0.47135
[train: 2, 800 / 3125] FPS: 20.6 (134.4)  ,  Loss/total: 2.60730  ,  Loss/giou: 0.60571  ,  Loss/l1: 0.08216  ,  Loss/location: 0.98509  ,  IoU: 0.47227
[train: 2, 850 / 3125] FPS: 20.5 (144.2)  ,  Loss/total: 2.59763  ,  Loss/giou: 0.60354  ,  Loss/l1: 0.08166  ,  Loss/location: 0.98223  ,  IoU: 0.47378
[train: 2, 900 / 3125] FPS: 20.5 (138.3)  ,  Loss/total: 2.59494  ,  Loss/giou: 0.60309  ,  Loss/l1: 0.08153  ,  Loss/location: 0.98109  ,  IoU: 0.47434
[train: 2, 950 / 3125] FPS: 20.6 (143.5)  ,  Loss/total: 2.59099  ,  Loss/giou: 0.60217  ,  Loss/l1: 0.08127  ,  Loss/location: 0.98028  ,  IoU: 0.47502
[train: 2, 1000 / 3125] FPS: 20.8 (143.8)  ,  Loss/total: 2.58951  ,  Loss/giou: 0.60220  ,  Loss/l1: 0.08129  ,  Loss/location: 0.97865  ,  IoU: 0.47533
[train: 2, 1050 / 3125] FPS: 20.6 (129.5)  ,  Loss/total: 2.58830  ,  Loss/giou: 0.60234  ,  Loss/l1: 0.08125  ,  Loss/location: 0.97737  ,  IoU: 0.47534
[train: 2, 1100 / 3125] FPS: 20.6 (121.9)  ,  Loss/total: 2.57984  ,  Loss/giou: 0.60056  ,  Loss/l1: 0.08084  ,  Loss/location: 0.97454  ,  IoU: 0.47691
[train: 2, 1150 / 3125] FPS: 20.6 (5.9)  ,  Loss/total: 2.57598  ,  Loss/giou: 0.59962  ,  Loss/l1: 0.08066  ,  Loss/location: 0.97341  ,  IoU: 0.47764
[train: 2, 1200 / 3125] FPS: 20.6 (139.9)  ,  Loss/total: 2.57313  ,  Loss/giou: 0.59908  ,  Loss/l1: 0.08048  ,  Loss/location: 0.97256  ,  IoU: 0.47821
[train: 2, 1250 / 3125] FPS: 20.6 (116.7)  ,  Loss/total: 2.57029  ,  Loss/giou: 0.59847  ,  Loss/l1: 0.08038  ,  Loss/location: 0.97142  ,  IoU: 0.47888
[train: 2, 1300 / 3125] FPS: 20.7 (116.5)  ,  Loss/total: 2.56628  ,  Loss/giou: 0.59767  ,  Loss/l1: 0.08022  ,  Loss/location: 0.96983  ,  IoU: 0.47960
[train: 2, 1350 / 3125] FPS: 20.7 (126.2)  ,  Loss/total: 2.56292  ,  Loss/giou: 0.59677  ,  Loss/l1: 0.08011  ,  Loss/location: 0.96885  ,  IoU: 0.48044
[train: 2, 1400 / 3125] FPS: 20.8 (146.8)  ,  Loss/total: 2.55973  ,  Loss/giou: 0.59613  ,  Loss/l1: 0.07997  ,  Loss/location: 0.96764  ,  IoU: 0.48095
[train: 2, 1450 / 3125] FPS: 20.8 (138.9)  ,  Loss/total: 2.55486  ,  Loss/giou: 0.59488  ,  Loss/l1: 0.07976  ,  Loss/location: 0.96629  ,  IoU: 0.48196
[train: 2, 1500 / 3125] FPS: 20.7 (130.7)  ,  Loss/total: 2.54981  ,  Loss/giou: 0.59371  ,  Loss/l1: 0.07954  ,  Loss/location: 0.96470  ,  IoU: 0.48287
[train: 2, 1550 / 3125] FPS: 20.7 (131.2)  ,  Loss/total: 2.54600  ,  Loss/giou: 0.59306  ,  Loss/l1: 0.07935  ,  Loss/location: 0.96311  ,  IoU: 0.48331
[train: 2, 1600 / 3125] FPS: 20.5 (124.2)  ,  Loss/total: 2.54381  ,  Loss/giou: 0.59289  ,  Loss/l1: 0.07929  ,  Loss/location: 0.96158  ,  IoU: 0.48355
[train: 2, 1650 / 3125] FPS: 20.5 (143.0)  ,  Loss/total: 2.53951  ,  Loss/giou: 0.59188  ,  Loss/l1: 0.07912  ,  Loss/location: 0.96015  ,  IoU: 0.48433
[train: 2, 1700 / 3125] FPS: 20.5 (137.6)  ,  Loss/total: 2.53647  ,  Loss/giou: 0.59125  ,  Loss/l1: 0.07905  ,  Loss/location: 0.95871  ,  IoU: 0.48487
[train: 2, 1750 / 3125] FPS: 20.6 (138.9)  ,  Loss/total: 2.53345  ,  Loss/giou: 0.59059  ,  Loss/l1: 0.07895  ,  Loss/location: 0.95754  ,  IoU: 0.48551
[train: 2, 1800 / 3125] FPS: 20.6 (126.0)  ,  Loss/total: 2.52860  ,  Loss/giou: 0.58949  ,  Loss/l1: 0.07870  ,  Loss/location: 0.95614  ,  IoU: 0.48640
[train: 2, 1850 / 3125] FPS: 20.6 (137.7)  ,  Loss/total: 2.52630  ,  Loss/giou: 0.58918  ,  Loss/l1: 0.07862  ,  Loss/location: 0.95481  ,  IoU: 0.48679
[train: 2, 1900 / 3125] FPS: 20.7 (137.8)  ,  Loss/total: 2.52362  ,  Loss/giou: 0.58859  ,  Loss/l1: 0.07853  ,  Loss/location: 0.95381  ,  IoU: 0.48729
[train: 2, 1950 / 3125] FPS: 20.7 (141.8)  ,  Loss/total: 2.51886  ,  Loss/giou: 0.58762  ,  Loss/l1: 0.07828  ,  Loss/location: 0.95225  ,  IoU: 0.48806
[train: 2, 2000 / 3125] FPS: 20.5 (129.5)  ,  Loss/total: 2.51446  ,  Loss/giou: 0.58665  ,  Loss/l1: 0.07808  ,  Loss/location: 0.95076  ,  IoU: 0.48890
[train: 2, 2050 / 3125] FPS: 20.5 (126.6)  ,  Loss/total: 2.51198  ,  Loss/giou: 0.58604  ,  Loss/l1: 0.07795  ,  Loss/location: 0.95016  ,  IoU: 0.48940
[train: 2, 2100 / 3125] FPS: 20.4 (131.7)  ,  Loss/total: 2.50866  ,  Loss/giou: 0.58543  ,  Loss/l1: 0.07779  ,  Loss/location: 0.94883  ,  IoU: 0.48995
[train: 2, 2150 / 3125] FPS: 20.5 (134.3)  ,  Loss/total: 2.50491  ,  Loss/giou: 0.58467  ,  Loss/l1: 0.07760  ,  Loss/location: 0.94757  ,  IoU: 0.49061
[train: 2, 2200 / 3125] FPS: 20.5 (124.1)  ,  Loss/total: 2.50056  ,  Loss/giou: 0.58374  ,  Loss/l1: 0.07741  ,  Loss/location: 0.94602  ,  IoU: 0.49140
[train: 2, 2250 / 3125] FPS: 20.5 (119.8)  ,  Loss/total: 2.49673  ,  Loss/giou: 0.58294  ,  Loss/l1: 0.07725  ,  Loss/location: 0.94460  ,  IoU: 0.49208
[train: 2, 2300 / 3125] FPS: 20.5 (125.5)  ,  Loss/total: 2.49291  ,  Loss/giou: 0.58217  ,  Loss/l1: 0.07707  ,  Loss/location: 0.94320  ,  IoU: 0.49274
[train: 2, 2350 / 3125] FPS: 20.6 (120.3)  ,  Loss/total: 2.49031  ,  Loss/giou: 0.58155  ,  Loss/l1: 0.07697  ,  Loss/location: 0.94235  ,  IoU: 0.49330
[train: 2, 2400 / 3125] FPS: 20.6 (143.6)  ,  Loss/total: 2.48649  ,  Loss/giou: 0.58076  ,  Loss/l1: 0.07682  ,  Loss/location: 0.94084  ,  IoU: 0.49405
[train: 2, 2450 / 3125] FPS: 20.6 (139.5)  ,  Loss/total: 2.48242  ,  Loss/giou: 0.57983  ,  Loss/l1: 0.07664  ,  Loss/location: 0.93955  ,  IoU: 0.49480
[train: 2, 2500 / 3125] FPS: 20.6 (137.8)  ,  Loss/total: 2.47898  ,  Loss/giou: 0.57908  ,  Loss/l1: 0.07648  ,  Loss/location: 0.93840  ,  IoU: 0.49543
[train: 2, 2550 / 3125] FPS: 20.7 (147.7)  ,  Loss/total: 2.47531  ,  Loss/giou: 0.57826  ,  Loss/l1: 0.07631  ,  Loss/location: 0.93726  ,  IoU: 0.49610
[train: 2, 2600 / 3125] FPS: 20.7 (138.1)  ,  Loss/total: 2.47212  ,  Loss/giou: 0.57763  ,  Loss/l1: 0.07615  ,  Loss/location: 0.93611  ,  IoU: 0.49664
[train: 2, 2650 / 3125] FPS: 20.7 (132.0)  ,  Loss/total: 2.46872  ,  Loss/giou: 0.57706  ,  Loss/l1: 0.07598  ,  Loss/location: 0.93468  ,  IoU: 0.49717
[train: 2, 2700 / 3125] FPS: 20.7 (124.7)  ,  Loss/total: 2.46601  ,  Loss/giou: 0.57656  ,  Loss/l1: 0.07586  ,  Loss/location: 0.93359  ,  IoU: 0.49759
[train: 2, 2750 / 3125] FPS: 20.7 (146.3)  ,  Loss/total: 2.46374  ,  Loss/giou: 0.57616  ,  Loss/l1: 0.07576  ,  Loss/location: 0.93259  ,  IoU: 0.49797
[train: 2, 2800 / 3125] FPS: 20.7 (139.4)  ,  Loss/total: 2.46016  ,  Loss/giou: 0.57538  ,  Loss/l1: 0.07558  ,  Loss/location: 0.93147  ,  IoU: 0.49855
[train: 2, 2850 / 3125] FPS: 20.7 (131.2)  ,  Loss/total: 2.45675  ,  Loss/giou: 0.57469  ,  Loss/l1: 0.07542  ,  Loss/location: 0.93028  ,  IoU: 0.49911
[train: 2, 2900 / 3125] FPS: 20.7 (142.7)  ,  Loss/total: 2.45351  ,  Loss/giou: 0.57401  ,  Loss/l1: 0.07531  ,  Loss/location: 0.92892  ,  IoU: 0.49974
[train: 2, 2950 / 3125] FPS: 20.8 (139.6)  ,  Loss/total: 2.45046  ,  Loss/giou: 0.57333  ,  Loss/l1: 0.07517  ,  Loss/location: 0.92795  ,  IoU: 0.50030
[train: 2, 3000 / 3125] FPS: 20.8 (139.6)  ,  Loss/total: 2.44690  ,  Loss/giou: 0.57258  ,  Loss/l1: 0.07502  ,  Loss/location: 0.92663  ,  IoU: 0.50098
[train: 2, 3050 / 3125] FPS: 20.8 (142.3)  ,  Loss/total: 2.44345  ,  Loss/giou: 0.57190  ,  Loss/l1: 0.07487  ,  Loss/location: 0.92531  ,  IoU: 0.50153
[train: 2, 3100 / 3125] FPS: 20.8 (127.1)  ,  Loss/total: 2.43995  ,  Loss/giou: 0.57117  ,  Loss/l1: 0.07469  ,  Loss/location: 0.92413  ,  IoU: 0.50209
[train: 2, 3125 / 3125] FPS: 20.9 (125.1)  ,  Loss/total: 2.43766  ,  Loss/giou: 0.57068  ,  Loss/l1: 0.07460  ,  Loss/location: 0.92331  ,  IoU: 0.50249
[train: 3, 50 / 3125] FPS: 17.9 (127.0)  ,  Loss/total: 2.18760  ,  Loss/giou: 0.51784  ,  Loss/l1: 0.06307  ,  Loss/location: 0.83660  ,  IoU: 0.54658
[train: 3, 100 / 3125] FPS: 18.6 (121.3)  ,  Loss/total: 2.22383  ,  Loss/giou: 0.52647  ,  Loss/l1: 0.06476  ,  Loss/location: 0.84710  ,  IoU: 0.53927
[train: 3, 150 / 3125] FPS: 18.7 (141.6)  ,  Loss/total: 2.21134  ,  Loss/giou: 0.52218  ,  Loss/l1: 0.06409  ,  Loss/location: 0.84655  ,  IoU: 0.54307
[train: 3, 200 / 3125] FPS: 19.4 (126.6)  ,  Loss/total: 2.21797  ,  Loss/giou: 0.52326  ,  Loss/l1: 0.06417  ,  Loss/location: 0.85060  ,  IoU: 0.54246
[train: 3, 250 / 3125] FPS: 20.4 (133.1)  ,  Loss/total: 2.21216  ,  Loss/giou: 0.52140  ,  Loss/l1: 0.06402  ,  Loss/location: 0.84928  ,  IoU: 0.54399
[train: 3, 300 / 3125] FPS: 20.0 (136.6)  ,  Loss/total: 2.20858  ,  Loss/giou: 0.52094  ,  Loss/l1: 0.06412  ,  Loss/location: 0.84609  ,  IoU: 0.54478
[train: 3, 350 / 3125] FPS: 20.0 (140.9)  ,  Loss/total: 2.20292  ,  Loss/giou: 0.51959  ,  Loss/l1: 0.06402  ,  Loss/location: 0.84364  ,  IoU: 0.54608
[train: 3, 400 / 3125] FPS: 19.6 (140.3)  ,  Loss/total: 2.20548  ,  Loss/giou: 0.52008  ,  Loss/l1: 0.06392  ,  Loss/location: 0.84569  ,  IoU: 0.54544
[train: 3, 450 / 3125] FPS: 19.4 (123.4)  ,  Loss/total: 2.19791  ,  Loss/giou: 0.51839  ,  Loss/l1: 0.06354  ,  Loss/location: 0.84341  ,  IoU: 0.54661
[train: 3, 500 / 3125] FPS: 19.3 (133.9)  ,  Loss/total: 2.18979  ,  Loss/giou: 0.51683  ,  Loss/l1: 0.06314  ,  Loss/location: 0.84041  ,  IoU: 0.54772
[train: 3, 550 / 3125] FPS: 19.7 (142.7)  ,  Loss/total: 2.18598  ,  Loss/giou: 0.51675  ,  Loss/l1: 0.06335  ,  Loss/location: 0.83573  ,  IoU: 0.54835
[train: 3, 600 / 3125] FPS: 20.2 (145.3)  ,  Loss/total: 2.18560  ,  Loss/giou: 0.51692  ,  Loss/l1: 0.06331  ,  Loss/location: 0.83521  ,  IoU: 0.54826
[train: 3, 650 / 3125] FPS: 20.2 (145.6)  ,  Loss/total: 2.18177  ,  Loss/giou: 0.51618  ,  Loss/l1: 0.06325  ,  Loss/location: 0.83317  ,  IoU: 0.54900
[train: 3, 700 / 3125] FPS: 20.2 (144.2)  ,  Loss/total: 2.17894  ,  Loss/giou: 0.51593  ,  Loss/l1: 0.06321  ,  Loss/location: 0.83104  ,  IoU: 0.54937
[train: 3, 750 / 3125] FPS: 20.3 (140.4)  ,  Loss/total: 2.17520  ,  Loss/giou: 0.51494  ,  Loss/l1: 0.06306  ,  Loss/location: 0.83001  ,  IoU: 0.55037
[train: 3, 800 / 3125] FPS: 20.2 (141.8)  ,  Loss/total: 2.16726  ,  Loss/giou: 0.51310  ,  Loss/l1: 0.06275  ,  Loss/location: 0.82733  ,  IoU: 0.55193
[train: 3, 850 / 3125] FPS: 20.4 (129.6)  ,  Loss/total: 2.16717  ,  Loss/giou: 0.51311  ,  Loss/l1: 0.06276  ,  Loss/location: 0.82714  ,  IoU: 0.55205
[train: 3, 900 / 3125] FPS: 20.5 (140.0)  ,  Loss/total: 2.16306  ,  Loss/giou: 0.51227  ,  Loss/l1: 0.06265  ,  Loss/location: 0.82527  ,  IoU: 0.55288
[train: 3, 950 / 3125] FPS: 20.2 (135.3)  ,  Loss/total: 2.15945  ,  Loss/giou: 0.51176  ,  Loss/l1: 0.06248  ,  Loss/location: 0.82351  ,  IoU: 0.55342
[train: 3, 1000 / 3125] FPS: 20.4 (122.9)  ,  Loss/total: 2.15817  ,  Loss/giou: 0.51139  ,  Loss/l1: 0.06237  ,  Loss/location: 0.82352  ,  IoU: 0.55380
[train: 3, 1050 / 3125] FPS: 20.5 (141.8)  ,  Loss/total: 2.15360  ,  Loss/giou: 0.51032  ,  Loss/l1: 0.06218  ,  Loss/location: 0.82205  ,  IoU: 0.55454
[train: 3, 1100 / 3125] FPS: 20.5 (127.3)  ,  Loss/total: 2.15017  ,  Loss/giou: 0.50956  ,  Loss/l1: 0.06202  ,  Loss/location: 0.82096  ,  IoU: 0.55513
[train: 3, 1150 / 3125] FPS: 20.5 (114.2)  ,  Loss/total: 2.14644  ,  Loss/giou: 0.50868  ,  Loss/l1: 0.06185  ,  Loss/location: 0.81986  ,  IoU: 0.55591
[train: 3, 1200 / 3125] FPS: 20.4 (119.2)  ,  Loss/total: 2.14239  ,  Loss/giou: 0.50768  ,  Loss/l1: 0.06167  ,  Loss/location: 0.81869  ,  IoU: 0.55674
[train: 3, 1250 / 3125] FPS: 20.6 (138.6)  ,  Loss/total: 2.13935  ,  Loss/giou: 0.50684  ,  Loss/l1: 0.06153  ,  Loss/location: 0.81803  ,  IoU: 0.55742
[train: 3, 1300 / 3125] FPS: 20.5 (133.2)  ,  Loss/total: 2.13584  ,  Loss/giou: 0.50592  ,  Loss/l1: 0.06139  ,  Loss/location: 0.81703  ,  IoU: 0.55832
[train: 3, 1350 / 3125] FPS: 20.6 (132.6)  ,  Loss/total: 2.13396  ,  Loss/giou: 0.50552  ,  Loss/l1: 0.06131  ,  Loss/location: 0.81635  ,  IoU: 0.55874
[train: 3, 1400 / 3125] FPS: 20.8 (143.1)  ,  Loss/total: 2.12983  ,  Loss/giou: 0.50455  ,  Loss/l1: 0.06110  ,  Loss/location: 0.81525  ,  IoU: 0.55946
[train: 3, 1450 / 3125] FPS: 20.6 (130.5)  ,  Loss/total: 2.12744  ,  Loss/giou: 0.50398  ,  Loss/l1: 0.06098  ,  Loss/location: 0.81456  ,  IoU: 0.55987
[train: 3, 1500 / 3125] FPS: 20.5 (131.6)  ,  Loss/total: 2.12207  ,  Loss/giou: 0.50280  ,  Loss/l1: 0.06076  ,  Loss/location: 0.81264  ,  IoU: 0.56088
[train: 1, 50 / 25000] FPS: 5.8 (15.6)  ,  Loss/total: 94.36404  ,  Loss/giou: 1.13339  ,  Loss/l1: 0.27866  ,  Loss/location: 90.70398  ,  IoU: 0.08863
[train: 1, 50 / 25000] FPS: 11.7 (30.5)  ,  Loss/total: 13.61852  ,  Loss/giou: 1.15436  ,  Loss/l1: 0.30087  ,  Loss/location: 9.80544  ,  IoU: 0.07627
[train: 1, 100 / 25000] FPS: 13.7 (6.6)  ,  Loss/total: 11.31397  ,  Loss/giou: 1.14897  ,  Loss/l1: 0.29317  ,  Loss/location: 7.55016  ,  IoU: 0.07925
[train: 1, 50 / 25000] FPS: 12.5 (30.7)  ,  Loss/total: 109.93590  ,  Loss/giou: 1.29039  ,  Loss/l1: 0.27170  ,  Loss/location: 105.99662  ,  IoU: 0.06735
[train: 1, 100 / 25000] FPS: 14.0 (30.5)  ,  Loss/total: 93.38971  ,  Loss/giou: 1.26867  ,  Loss/l1: 0.26430  ,  Loss/location: 89.53088  ,  IoU: 0.07322
[train: 1, 50 / 3125] FPS: 17.9 (98.6)  ,  Loss/total: 51.67682  ,  Loss/giou: 1.18250  ,  Loss/l1: 0.29319  ,  Loss/location: 47.84587  ,  IoU: 0.07129
[train: 1, 50 / 12500] FPS: 6.9 (48.8)  ,  Loss/total: 53.94923  ,  Loss/giou: 1.21100  ,  Loss/l1: 0.27413  ,  Loss/location: 50.15657  ,  IoU: 0.08219
[train: 1, 100 / 12500] FPS: 9.4 (38.1)  ,  Loss/total: 41.77669  ,  Loss/giou: 1.20236  ,  Loss/l1: 0.27746  ,  Loss/location: 37.98466  ,  IoU: 0.08132
[train: 1, 50 / 12500] FPS: 13.8 (44.5)  ,  Loss/total: 19.26253  ,  Loss/giou: 1.23326  ,  Loss/l1: 0.28103  ,  Loss/location: 15.39086  ,  IoU: 0.06750
[train: 1, 100 / 12500] FPS: 16.1 (45.2)  ,  Loss/total: 15.41868  ,  Loss/giou: 1.20424  ,  Loss/l1: 0.27784  ,  Loss/location: 11.62098  ,  IoU: 0.07467
[train: 1, 150 / 12500] FPS: 14.6 (52.4)  ,  Loss/total: 13.22058  ,  Loss/giou: 1.19030  ,  Loss/l1: 0.27817  ,  Loss/location: 9.44912  ,  IoU: 0.08035
[train: 1, 200 / 12500] FPS: 14.2 (48.2)  ,  Loss/total: 11.67661  ,  Loss/giou: 1.16432  ,  Loss/l1: 0.27073  ,  Loss/location: 7.99430  ,  IoU: 0.08931
[train: 1, 250 / 12500] FPS: 13.2 (42.5)  ,  Loss/total: 10.56446  ,  Loss/giou: 1.14142  ,  Loss/l1: 0.26285  ,  Loss/location: 6.96738  ,  IoU: 0.09666
[train: 1, 300 / 12500] FPS: 14.1 (34.5)  ,  Loss/total: 9.72457  ,  Loss/giou: 1.11959  ,  Loss/l1: 0.25373  ,  Loss/location: 6.21676  ,  IoU: 0.10589
[train: 1, 350 / 12500] FPS: 13.7 (43.3)  ,  Loss/total: 9.03111  ,  Loss/giou: 1.09361  ,  Loss/l1: 0.24226  ,  Loss/location: 5.63261  ,  IoU: 0.11855
[train: 1, 400 / 12500] FPS: 13.2 (47.6)  ,  Loss/total: 8.46703  ,  Loss/giou: 1.07160  ,  Loss/l1: 0.23160  ,  Loss/location: 5.16583  ,  IoU: 0.13099
[train: 1, 450 / 12500] FPS: 13.4 (51.0)  ,  Loss/total: 8.00362  ,  Loss/giou: 1.05023  ,  Loss/l1: 0.22249  ,  Loss/location: 4.79069  ,  IoU: 0.14430
[train: 1, 50 / 12500] FPS: 13.1 (32.8)  ,  Loss/total: 31.42171  ,  Loss/giou: 1.26945  ,  Loss/l1: 0.30262  ,  Loss/location: 27.36968  ,  IoU: 0.06258
